<?xml version="1.0" encoding="utf-8" standalone="no"?>
<!--This file represents the results of running a test suite-->
<test-results name="D:\Mis documentos\Visual Studio 2008\Projects\PruebasPuertoSerie\PruebasPuertoSerie.csproj" total="0" errors="0" failures="0" not-run="0" inconclusive="0" ignored="0" skipped="0" invalid="0" date="2010-03-31" time="18:06:57">
  <environment nunit-version="2.5.3.9345" clr-version="2.0.50727.4927" os-version="Microsoft Windows NT 6.1.7600.0" platform="Win32NT" cwd="D:\Mis documentos\Visual Studio 2008\Projects\PruebasPuertoSerie" machine-name="SEBAS" user="Sebastian" user-domain="SEBAS" />
  <culture-info current-culture="es-AR" current-uiculture="es-ES" />
  <test-suite name="D:\Mis documentos\Visual Studio 2008\Projects\PruebasPuertoSerie\PruebasPuertoSerie.csproj" executed="True" success="False" time="0.047" asserts="0">
    <results>
      <test-suite name="D:\Mis documentos\Visual Studio 2008\Projects\PruebasPuertoSerie\bin\Debug\PruebasPuertoSerie.exe" executed="False">
        <reason>
          <message><![CDATA[Has no TestFixtures]]></message>
        </reason>
      </test-suite>
    </results>
  </test-suite>
</test-results>